#
# There is insufficient memory for the Java Runtime Environment to continue.
# Native memory allocation (malloc) failed to allocate 32744 bytes. Error detail: Chunk::new
# Possible reasons:
#   The system is out of physical RAM or swap space
#   This process is running with CompressedOops enabled, and the Java Heap may be blocking the growth of the native heap
# Possible solutions:
#   Reduce memory load on the system
#   Increase physical memory or swap space
#   Check if swap backing store is full
#   Decrease Java heap size (-Xmx/-Xms)
#   Decrease number of Java threads
#   Decrease Java thread stack sizes (-Xss)
#   Set larger code cache with -XX:ReservedCodeCacheSize=
#   JVM is running with Unscaled Compressed Oops mode in which the Java heap is
#     placed in the first 4GB address space. The Java Heap base address is the
#     maximum limit for the native heap growth. Please use -XX:HeapBaseMinAddress
#     to set the Java Heap base and to place the Java Heap above 4GB virtual address.
# This output file may be truncated or incomplete.
#
#  Out of Memory Error (arena.cpp:168), pid=17272, tid=13988
#
# JRE version: OpenJDK Runtime Environment Temurin-21.0.8+9 (21.0.8+9) (build 21.0.8+9-LTS)
# Java VM: OpenJDK 64-Bit Server VM Temurin-21.0.8+9 (21.0.8+9-LTS, mixed mode, sharing, tiered, compressed oops, compressed class ptrs, parallel gc, windows-amd64)
# No core dump will be written. Minidumps are not enabled by default on client versions of Windows
#

---------------  S U M M A R Y ------------

Command Line: --add-modules=ALL-SYSTEM --add-opens=java.base/java.util=ALL-UNNAMED --add-opens=java.base/java.lang=ALL-UNNAMED --add-opens=java.base/sun.nio.fs=ALL-UNNAMED -Declipse.application=org.eclipse.jdt.ls.core.id1 -Dosgi.bundles.defaultStartLevel=4 -Declipse.product=org.eclipse.jdt.ls.core.product -Djava.import.generatesMetadataFilesAtProjectRoot=false -DDetectVMInstallationsJob.disabled=true -Dfile.encoding=utf8 -XX:+UseParallelGC -XX:GCTimeRatio=4 -XX:AdaptiveSizePolicyWeight=90 -Dsun.zip.disableMemoryMapping=true -Xmx2G -Xms100m -Xlog:disable -javaagent:c:\Users\Bdrsk\.vscode\extensions\redhat.java-1.47.0-win32-x64\lombok\lombok-1.18.39-4050.jar -XX:+HeapDumpOnOutOfMemoryError -XX:HeapDumpPath=c:\Users\Bdrsk\AppData\Roaming\Code\User\workspaceStorage\fa3862221d5d4d0dd44ec748242cd86a\redhat.java -Daether.dependencyCollector.impl=bf c:\Users\Bdrsk\.vscode\extensions\redhat.java-1.47.0-win32-x64\server\plugins\org.eclipse.equinox.launcher_1.7.100.v20251014-1222.jar -configuration c:\Users\Bdrsk\AppData\Roaming\Code\User\globalStorage\redhat.java\1.47.0\config_win -data c:\Users\Bdrsk\AppData\Roaming\Code\User\workspaceStorage\fa3862221d5d4d0dd44ec748242cd86a\redhat.java\jdt_ws --pipe=\\.\pipe\lsp-b1292a0df1a06c2b7159ffa545871e2c-sock

Host: Intel(R) Core(TM) i5-6300U CPU @ 2.40GHz, 4 cores, 15G,  Windows 10 , 64 bit Build 19041 (10.0.19041.5915)
Time: Fri Nov  7 15:49:29 2025 GMT elapsed time: 83.722542 seconds (0d 0h 1m 23s)

---------------  T H R E A D  ---------------

Current thread (0x0000016ed02e3e70):  JavaThread "C2 CompilerThread0" daemon [_thread_in_native, id=13988, stack(0x00000048b9500000,0x00000048b9600000) (1024K)]


Current CompileTask:
C2:83722 3339       4       java.lang.invoke.MethodType::makeImpl (109 bytes)

Stack: [0x00000048b9500000,0x00000048b9600000]
Native frames: (J=compiled Java code, j=interpreted, Vv=VM code, C=native code)
V  [jvm.dll+0x6d2449]
V  [jvm.dll+0x8ae341]
V  [jvm.dll+0x8b08be]
V  [jvm.dll+0x8b0fa3]
V  [jvm.dll+0x280c96]
V  [jvm.dll+0xc581d]
V  [jvm.dll+0xc5d53]
V  [jvm.dll+0x6fdd5c]
V  [jvm.dll+0x1e14d6]
V  [jvm.dll+0x249022]
V  [jvm.dll+0x2484af]
V  [jvm.dll+0x1c89ee]
V  [jvm.dll+0x257d4d]
V  [jvm.dll+0x2562ea]
V  [jvm.dll+0x3f2d16]
V  [jvm.dll+0x857e6b]
V  [jvm.dll+0x6d0b0d]
C  [ucrtbase.dll+0x21bb2]
C  [KERNEL32.DLL+0x17374]
C  [ntdll.dll+0x4cc91]


---------------  P R O C E S S  ---------------

Threads class SMR info:
_java_thread_list=0x0000016f164f2f00, length=22, elements={
0x0000016eb9901f60, 0x0000016ed02d9b70, 0x0000016ed02db980, 0x0000016ed02dd910,
0x0000016ed02de820, 0x0000016ed02e05e0, 0x0000016ed02e3040, 0x0000016ed02e3e70,
0x0000016ed0359240, 0x0000016eb996c990, 0x0000016f1625e3c0, 0x0000016f16d800d0,
0x0000016f16da47e0, 0x0000016f1602d910, 0x0000016f1672ba50, 0x0000016f169b4c70,
0x0000016f1602d130, 0x0000016f170c0aa0, 0x0000016f170c0410, 0x0000016f170c1e50,
0x0000016f170c24e0, 0x0000016f170c17c0
}

Java Threads: ( => current thread )
  0x0000016eb9901f60 JavaThread "main"                              [_thread_blocked, id=12008, stack(0x00000048b8b00000,0x00000048b8c00000) (1024K)]
  0x0000016ed02d9b70 JavaThread "Reference Handler"          daemon [_thread_blocked, id=3720, stack(0x00000048b8f00000,0x00000048b9000000) (1024K)]
  0x0000016ed02db980 JavaThread "Finalizer"                  daemon [_thread_blocked, id=4408, stack(0x00000048b9000000,0x00000048b9100000) (1024K)]
  0x0000016ed02dd910 JavaThread "Signal Dispatcher"          daemon [_thread_blocked, id=21188, stack(0x00000048b9100000,0x00000048b9200000) (1024K)]
  0x0000016ed02de820 JavaThread "Attach Listener"            daemon [_thread_blocked, id=23300, stack(0x00000048b9200000,0x00000048b9300000) (1024K)]
  0x0000016ed02e05e0 JavaThread "Service Thread"             daemon [_thread_blocked, id=14768, stack(0x00000048b9300000,0x00000048b9400000) (1024K)]
  0x0000016ed02e3040 JavaThread "Monitor Deflation Thread"   daemon [_thread_blocked, id=13508, stack(0x00000048b9400000,0x00000048b9500000) (1024K)]
=>0x0000016ed02e3e70 JavaThread "C2 CompilerThread0"         daemon [_thread_in_native, id=13988, stack(0x00000048b9500000,0x00000048b9600000) (1024K)]
  0x0000016ed0359240 JavaThread "C1 CompilerThread0"         daemon [_thread_blocked, id=12252, stack(0x00000048b9600000,0x00000048b9700000) (1024K)]
  0x0000016eb996c990 JavaThread "Common-Cleaner"             daemon [_thread_blocked, id=14324, stack(0x00000048b9700000,0x00000048b9800000) (1024K)]
  0x0000016f1625e3c0 JavaThread "Notification Thread"        daemon [_thread_blocked, id=19688, stack(0x00000048b9800000,0x00000048b9900000) (1024K)]
  0x0000016f16d800d0 JavaThread "Active Thread: Equinox Container: 6ad78132-1dfe-4738-bbe8-21464a399629"        [_thread_blocked, id=21184, stack(0x00000048b9900000,0x00000048b9a00000) (1024K)]
  0x0000016f16da47e0 JavaThread "Refresh Thread: Equinox Container: 6ad78132-1dfe-4738-bbe8-21464a399629" daemon [_thread_blocked, id=16364, stack(0x00000048b9d00000,0x00000048b9e00000) (1024K)]
  0x0000016f1602d910 JavaThread "Framework Event Dispatcher: Equinox Container: 6ad78132-1dfe-4738-bbe8-21464a399629" daemon [_thread_blocked, id=14628, stack(0x00000048b9e00000,0x00000048b9f00000) (1024K)]
  0x0000016f1672ba50 JavaThread "Start Level: Equinox Container: 6ad78132-1dfe-4738-bbe8-21464a399629" daemon [_thread_in_Java, id=19992, stack(0x00000048b9f00000,0x00000048ba000000) (1024K)]
  0x0000016f169b4c70 JavaThread "Bundle File Closer"         daemon [_thread_blocked, id=492, stack(0x00000048ba000000,0x00000048ba100000) (1024K)]
  0x0000016f1602d130 JavaThread "SCR Component Actor"        daemon [_thread_blocked, id=13972, stack(0x00000048b8900000,0x00000048b8a00000) (1024K)]
  0x0000016f170c0aa0 JavaThread "Worker-JM"                         [_thread_blocked, id=14040, stack(0x00000048ba100000,0x00000048ba200000) (1024K)]
  0x0000016f170c0410 JavaThread "JNA Cleaner"                daemon [_thread_blocked, id=18492, stack(0x00000048ba300000,0x00000048ba400000) (1024K)]
  0x0000016f170c1e50 JavaThread "Worker-0: Checking project encoding"        [_thread_blocked, id=3616, stack(0x00000048ba500000,0x00000048ba600000) (1024K)]
  0x0000016f170c24e0 JavaThread "Worker-1: Refreshing workspace"        [_thread_blocked, id=22044, stack(0x00000048ba600000,0x00000048ba700000) (1024K)]
  0x0000016f170c17c0 JavaThread "Worker-2"                          [_thread_blocked, id=15428, stack(0x00000048ba700000,0x00000048ba800000) (1024K)]
Total: 22

Other Threads:
  0x0000016ed02cdda0 VMThread "VM Thread"                           [id=3996, stack(0x00000048b8e00000,0x00000048b8f00000) (1024K)]
  0x0000016eb996b590 WatcherThread "VM Periodic Task Thread"        [id=16804, stack(0x00000048b8d00000,0x00000048b8e00000) (1024K)]
  0x0000016eb991e9d0 WorkerThread "GC Thread#0"                     [id=3028, stack(0x00000048b8c00000,0x00000048b8d00000) (1024K)]
  0x0000016f168d01c0 WorkerThread "GC Thread#1"                     [id=12228, stack(0x00000048b9a00000,0x00000048b9b00000) (1024K)]
  0x0000016f16488ef0 WorkerThread "GC Thread#2"                     [id=21324, stack(0x00000048b9b00000,0x00000048b9c00000) (1024K)]
  0x0000016f167d65a0 WorkerThread "GC Thread#3"                     [id=22220, stack(0x00000048b9c00000,0x00000048b9d00000) (1024K)]
Total: 6

Threads with active compile tasks:
C2 CompilerThread0  83798 3339       4       java.lang.invoke.MethodType::makeImpl (109 bytes)
C1 CompilerThread0  83798 3506       3       org.objectweb.asm.Type::getArgumentTypes (94 bytes)
Total: 2

VM state: not at safepoint (normal execution)

VM Mutex/Monitor currently owned by a thread: None

Heap address: 0x0000000080000000, size: 2048 MB, Compressed Oops mode: 32-bit

CDS archive(s) mapped at: [0x0000016ed1000000-0x0000016ed1ba0000-0x0000016ed1ba0000), size 12189696, SharedBaseAddress: 0x0000016ed1000000, ArchiveRelocationMode: 1.
Compressed class space mapped at: 0x0000016ed2000000-0x0000016f12000000, reserved size: 1073741824
Narrow klass base: 0x0000016ed1000000, Narrow klass shift: 0, Narrow klass range: 0x100000000

GC Precious Log:
 CardTable entry size: 512
 CPUs: 4 total, 4 available
 Memory: 16264M
 Large Page Support: Disabled
 NUMA Support: Disabled
 Compressed Oops: Enabled (32-bit)
 Alignments: Space 512K, Generation 512K, Heap 2M
 Heap Min Capacity: 100M
 Heap Initial Capacity: 100M
 Heap Max Capacity: 2G
 Pre-touch: Disabled
 Parallel Workers: 4

Heap:
 PSYoungGen      total 29184K, used 21524K [0x00000000d5580000, 0x00000000d7a00000, 0x0000000100000000)
  eden space 25088K, 69% used [0x00000000d5580000,0x00000000d6687f40,0x00000000d6e00000)
  from space 4096K, 99% used [0x00000000d6e80000,0x00000000d727d3f0,0x00000000d7280000)
  to   space 6144K, 0% used [0x00000000d7400000,0x00000000d7400000,0x00000000d7a00000)
 ParOldGen       total 68608K, used 7886K [0x0000000080000000, 0x0000000084300000, 0x00000000d5580000)
  object space 68608K, 11% used [0x0000000080000000,0x00000000807b3968,0x0000000084300000)
 Metaspace       used 18298K, committed 19136K, reserved 1114112K
  class space    used 1907K, committed 2304K, reserved 1048576K

Card table byte_map: [0x0000016eb92e0000,0x0000016eb96f0000] _byte_map_base: 0x0000016eb8ee0000

Marking Bits: (ParMarkBitMap*) 0x00007fff101aa340
 Begin Bits: [0x0000016ecbdb0000, 0x0000016ecddb0000)
 End Bits:   [0x0000016ecddb0000, 0x0000016ecfdb0000)

Polling page: 0x0000016eb90d0000

Metaspace:

Usage:
  Non-class:     16.01 MB used.
      Class:      1.86 MB used.
       Both:     17.87 MB used.

Virtual space:
  Non-class space:       64.00 MB reserved,      16.44 MB ( 26%) committed,  1 nodes.
      Class space:        1.00 GB reserved,       2.25 MB ( <1%) committed,  1 nodes.
             Both:        1.06 GB reserved,      18.69 MB (  2%) committed. 

Chunk freelists:
   Non-Class:  15.23 MB
       Class:  13.68 MB
        Both:  28.92 MB

MaxMetaspaceSize: unlimited
CompressedClassSpaceSize: 1.00 GB
Initial GC threshold: 21.00 MB
Current GC threshold: 21.00 MB
CDS: on
 - commit_granule_bytes: 65536.
 - commit_granule_words: 8192.
 - virtual_space_node_default_size: 8388608.
 - enlarge_chunks_in_place: 1.
 - use_allocation_guard: 0.


Internal statistics:

num_allocs_failed_limit: 0.
num_arena_births: 558.
num_arena_deaths: 0.
num_vsnodes_births: 2.
num_vsnodes_deaths: 0.
num_space_committed: 299.
num_space_uncommitted: 0.
num_chunks_returned_to_freelist: 0.
num_chunks_taken_from_freelist: 1239.
num_chunk_merges: 0.
num_chunk_splits: 776.
num_chunks_enlarged: 498.
num_inconsistent_stats: 0.

CodeHeap 'non-profiled nmethods': size=120000Kb used=1542Kb max_used=1542Kb free=118457Kb
 bounds [0x0000016ec45d0000, 0x0000016ec4840000, 0x0000016ecbb00000]
CodeHeap 'profiled nmethods': size=120000Kb used=7068Kb max_used=7068Kb free=112931Kb
 bounds [0x0000016ebcb00000, 0x0000016ebd1f0000, 0x0000016ec4030000]
CodeHeap 'non-nmethods': size=5760Kb used=1279Kb max_used=1290Kb free=4480Kb
 bounds [0x0000016ec4030000, 0x0000016ec42a0000, 0x0000016ec45d0000]
CodeCache: size=245760Kb, used=9889Kb, max_used=9900Kb, free=235868Kb
 total_blobs=4056, nmethods=3497, adapters=465, full_count=0
Compilation: enabled, stopped_count=0, restarted_count=0

Compilation events (20 events):
Event: 83.707 Thread 0x0000016ed0359240 nmethod 3467 0x0000016ebd1ca690 code [0x0000016ebd1ca840, 0x0000016ebd1ca9b0]
Event: 83.707 Thread 0x0000016ed0359240 3468       3       org.objectweb.asm.tree.InsnList::add (62 bytes)
Event: 83.707 Thread 0x0000016ed0359240 nmethod 3468 0x0000016ebd1caa90 code [0x0000016ebd1cac40, 0x0000016ebd1cae40]
Event: 83.707 Thread 0x0000016ed0359240 3469       3       org.objectweb.asm.SymbolTable$Entry::<init> (17 bytes)
Event: 83.707 Thread 0x0000016ed0359240 nmethod 3469 0x0000016ebd1caf10 code [0x0000016ebd1cb0c0, 0x0000016ebd1cb240]
Event: 83.707 Thread 0x0000016ed0359240 3470       3       org.objectweb.asm.Frame::merge (322 bytes)
Event: 83.709 Thread 0x0000016ed0359240 nmethod 3470 0x0000016ebd1cb310 code [0x0000016ebd1cb540, 0x0000016ebd1cbe00]
Event: 83.709 Thread 0x0000016ed0359240 3471       3       java.util.zip.Inflater::<init> (28 bytes)
Event: 83.709 Thread 0x0000016ed0359240 nmethod 3471 0x0000016ebd1cc010 code [0x0000016ebd1cc200, 0x0000016ebd1cc618]
Event: 83.709 Thread 0x0000016ed0359240 3472       3       jdk.internal.misc.Unsafe::checkNativeAddress (28 bytes)
Event: 83.709 Thread 0x0000016ed0359240 nmethod 3472 0x0000016ebd1cc810 code [0x0000016ebd1cc9a0, 0x0000016ebd1ccab8]
Event: 83.710 Thread 0x0000016ed0359240 3473       3       org.objectweb.asm.tree.MethodNode::getLabelNode (29 bytes)
Event: 83.710 Thread 0x0000016ed0359240 nmethod 3473 0x0000016ebd1ccb90 code [0x0000016ebd1ccd60, 0x0000016ebd1cd230]
Event: 83.710 Thread 0x0000016ed0359240 3474       3       org.objectweb.asm.tree.LabelNode::getLabel (23 bytes)
Event: 83.711 Thread 0x0000016ed0359240 nmethod 3474 0x0000016ebd1cd390 code [0x0000016ebd1cd540, 0x0000016ebd1cd7c8]
Event: 83.711 Thread 0x0000016ed0359240 3475       3       org.objectweb.asm.ByteVector::putByte (39 bytes)
Event: 83.711 Thread 0x0000016ed0359240 nmethod 3475 0x0000016ebd1cd910 code [0x0000016ebd1cdac0, 0x0000016ebd1cdca0]
Event: 83.711 Thread 0x0000016ed0359240 3476       3       org.objectweb.asm.ClassReader::readBytecodeInstructionOffset (1 bytes)
Event: 83.711 Thread 0x0000016ed0359240 nmethod 3476 0x0000016ebd1cde10 code [0x0000016ebd1cdfa0, 0x0000016ebd1ce0a8]
Event: 83.711 Thread 0x0000016ed0359240 3477       3       org.objectweb.asm.Frame::execute (2303 bytes)

GC Heap History (10 events):
Event: 3.469 GC heap before
{Heap before GC invocations=1 (full 0):
 PSYoungGen      total 29696K, used 25600K [0x00000000d5580000, 0x00000000d7680000, 0x0000000100000000)
  eden space 25600K, 100% used [0x00000000d5580000,0x00000000d6e80000,0x00000000d6e80000)
  from space 4096K, 0% used [0x00000000d7280000,0x00000000d7280000,0x00000000d7680000)
  to   space 4096K, 0% used [0x00000000d6e80000,0x00000000d6e80000,0x00000000d7280000)
 ParOldGen       total 68608K, used 0K [0x0000000080000000, 0x0000000084300000, 0x00000000d5580000)
  object space 68608K, 0% used [0x0000000080000000,0x0000000080000000,0x0000000084300000)
 Metaspace       used 4350K, committed 4608K, reserved 1114112K
  class space    used 473K, committed 576K, reserved 1048576K
}
Event: 3.529 GC heap after
{Heap after GC invocations=1 (full 0):
 PSYoungGen      total 29696K, used 3303K [0x00000000d5580000, 0x00000000d7680000, 0x0000000100000000)
  eden space 25600K, 0% used [0x00000000d5580000,0x00000000d5580000,0x00000000d6e80000)
  from space 4096K, 80% used [0x00000000d6e80000,0x00000000d71b9e98,0x00000000d7280000)
  to   space 4096K, 0% used [0x00000000d7280000,0x00000000d7280000,0x00000000d7680000)
 ParOldGen       total 68608K, used 0K [0x0000000080000000, 0x0000000084300000, 0x00000000d5580000)
  object space 68608K, 0% used [0x0000000080000000,0x0000000080000000,0x0000000084300000)
 Metaspace       used 4350K, committed 4608K, reserved 1114112K
  class space    used 473K, committed 576K, reserved 1048576K
}
Event: 32.283 GC heap before
{Heap before GC invocations=2 (full 0):
 PSYoungGen      total 29696K, used 28903K [0x00000000d5580000, 0x00000000d7680000, 0x0000000100000000)
  eden space 25600K, 100% used [0x00000000d5580000,0x00000000d6e80000,0x00000000d6e80000)
  from space 4096K, 80% used [0x00000000d6e80000,0x00000000d71b9e98,0x00000000d7280000)
  to   space 4096K, 0% used [0x00000000d7280000,0x00000000d7280000,0x00000000d7680000)
 ParOldGen       total 68608K, used 0K [0x0000000080000000, 0x0000000084300000, 0x00000000d5580000)
  object space 68608K, 0% used [0x0000000080000000,0x0000000080000000,0x0000000084300000)
 Metaspace       used 8003K, committed 8320K, reserved 1114112K
  class space    used 837K, committed 960K, reserved 1048576K
}
Event: 32.294 GC heap after
{Heap after GC invocations=2 (full 0):
 PSYoungGen      total 29696K, used 4086K [0x00000000d5580000, 0x00000000d7680000, 0x0000000100000000)
  eden space 25600K, 0% used [0x00000000d5580000,0x00000000d5580000,0x00000000d6e80000)
  from space 4096K, 99% used [0x00000000d7280000,0x00000000d767d810,0x00000000d7680000)
  to   space 4096K, 0% used [0x00000000d6e80000,0x00000000d6e80000,0x00000000d7280000)
 ParOldGen       total 68608K, used 1739K [0x0000000080000000, 0x0000000084300000, 0x00000000d5580000)
  object space 68608K, 2% used [0x0000000080000000,0x00000000801b2ec8,0x0000000084300000)
 Metaspace       used 8003K, committed 8320K, reserved 1114112K
  class space    used 837K, committed 960K, reserved 1048576K
}
Event: 46.224 GC heap before
{Heap before GC invocations=3 (full 0):
 PSYoungGen      total 29696K, used 29686K [0x00000000d5580000, 0x00000000d7680000, 0x0000000100000000)
  eden space 25600K, 100% used [0x00000000d5580000,0x00000000d6e80000,0x00000000d6e80000)
  from space 4096K, 99% used [0x00000000d7280000,0x00000000d767d810,0x00000000d7680000)
  to   space 4096K, 0% used [0x00000000d6e80000,0x00000000d6e80000,0x00000000d7280000)
 ParOldGen       total 68608K, used 1739K [0x0000000080000000, 0x0000000084300000, 0x00000000d5580000)
  object space 68608K, 2% used [0x0000000080000000,0x00000000801b2ec8,0x0000000084300000)
 Metaspace       used 9717K, committed 10048K, reserved 1114112K
  class space    used 1024K, committed 1152K, reserved 1048576K
}
Event: 46.242 GC heap after
{Heap after GC invocations=3 (full 0):
 PSYoungGen      total 29696K, used 4079K [0x00000000d5580000, 0x00000000d7680000, 0x0000000100000000)
  eden space 25600K, 0% used [0x00000000d5580000,0x00000000d5580000,0x00000000d6e80000)
  from space 4096K, 99% used [0x00000000d6e80000,0x00000000d727bde8,0x00000000d7280000)
  to   space 4096K, 0% used [0x00000000d7280000,0x00000000d7280000,0x00000000d7680000)
 ParOldGen       total 68608K, used 4529K [0x0000000080000000, 0x0000000084300000, 0x00000000d5580000)
  object space 68608K, 6% used [0x0000000080000000,0x000000008046c420,0x0000000084300000)
 Metaspace       used 9717K, committed 10048K, reserved 1114112K
  class space    used 1024K, committed 1152K, reserved 1048576K
}
Event: 80.323 GC heap before
{Heap before GC invocations=4 (full 0):
 PSYoungGen      total 29696K, used 29679K [0x00000000d5580000, 0x00000000d7680000, 0x0000000100000000)
  eden space 25600K, 100% used [0x00000000d5580000,0x00000000d6e80000,0x00000000d6e80000)
  from space 4096K, 99% used [0x00000000d6e80000,0x00000000d727bde8,0x00000000d7280000)
  to   space 4096K, 0% used [0x00000000d7280000,0x00000000d7280000,0x00000000d7680000)
 ParOldGen       total 68608K, used 4529K [0x0000000080000000, 0x0000000084300000, 0x00000000d5580000)
  object space 68608K, 6% used [0x0000000080000000,0x000000008046c420,0x0000000084300000)
 Metaspace       used 11821K, committed 12160K, reserved 1114112K
  class space    used 1238K, committed 1408K, reserved 1048576K
}
Event: 80.335 GC heap after
{Heap after GC invocations=4 (full 0):
 PSYoungGen      total 29696K, used 4086K [0x00000000d5580000, 0x00000000d7680000, 0x0000000100000000)
  eden space 25600K, 0% used [0x00000000d5580000,0x00000000d5580000,0x00000000d6e80000)
  from space 4096K, 99% used [0x00000000d7280000,0x00000000d767db50,0x00000000d7680000)
  to   space 4096K, 0% used [0x00000000d6e80000,0x00000000d6e80000,0x00000000d7280000)
 ParOldGen       total 68608K, used 6389K [0x0000000080000000, 0x0000000084300000, 0x00000000d5580000)
  object space 68608K, 9% used [0x0000000080000000,0x000000008063d4e8,0x0000000084300000)
 Metaspace       used 11821K, committed 12160K, reserved 1114112K
  class space    used 1238K, committed 1408K, reserved 1048576K
}
Event: 82.291 GC heap before
{Heap before GC invocations=5 (full 0):
 PSYoungGen      total 29696K, used 29686K [0x00000000d5580000, 0x00000000d7680000, 0x0000000100000000)
  eden space 25600K, 100% used [0x00000000d5580000,0x00000000d6e80000,0x00000000d6e80000)
  from space 4096K, 99% used [0x00000000d7280000,0x00000000d767db50,0x00000000d7680000)
  to   space 4096K, 0% used [0x00000000d6e80000,0x00000000d6e80000,0x00000000d7280000)
 ParOldGen       total 68608K, used 6389K [0x0000000080000000, 0x0000000084300000, 0x00000000d5580000)
  object space 68608K, 9% used [0x0000000080000000,0x000000008063d4e8,0x0000000084300000)
 Metaspace       used 15744K, committed 16384K, reserved 1114112K
  class space    used 1628K, committed 1920K, reserved 1048576K
}
Event: 82.303 GC heap after
{Heap after GC invocations=5 (full 0):
 PSYoungGen      total 29184K, used 4084K [0x00000000d5580000, 0x00000000d7a00000, 0x0000000100000000)
  eden space 25088K, 0% used [0x00000000d5580000,0x00000000d5580000,0x00000000d6e00000)
  from space 4096K, 99% used [0x00000000d6e80000,0x00000000d727d3f0,0x00000000d7280000)
  to   space 6144K, 0% used [0x00000000d7400000,0x00000000d7400000,0x00000000d7a00000)
 ParOldGen       total 68608K, used 7886K [0x0000000080000000, 0x0000000084300000, 0x00000000d5580000)
  object space 68608K, 11% used [0x0000000080000000,0x00000000807b3968,0x0000000084300000)
 Metaspace       used 15744K, committed 16384K, reserved 1114112K
  class space    used 1628K, committed 1920K, reserved 1048576K
}

Dll operation events (10 events):
Event: 0.021 Loaded shared library c:\Users\Bdrsk\.vscode\extensions\redhat.java-1.47.0-win32-x64\jre\21.0.8-win32-x86_64\bin\java.dll
Event: 0.838 Loaded shared library c:\Users\Bdrsk\.vscode\extensions\redhat.java-1.47.0-win32-x64\jre\21.0.8-win32-x86_64\bin\zip.dll
Event: 0.927 Loaded shared library C:\Users\Bdrsk\.vscode\extensions\redhat.java-1.47.0-win32-x64\jre\21.0.8-win32-x86_64\bin\instrument.dll
Event: 0.935 Loaded shared library C:\Users\Bdrsk\.vscode\extensions\redhat.java-1.47.0-win32-x64\jre\21.0.8-win32-x86_64\bin\net.dll
Event: 0.938 Loaded shared library C:\Users\Bdrsk\.vscode\extensions\redhat.java-1.47.0-win32-x64\jre\21.0.8-win32-x86_64\bin\nio.dll
Event: 0.944 Loaded shared library C:\Users\Bdrsk\.vscode\extensions\redhat.java-1.47.0-win32-x64\jre\21.0.8-win32-x86_64\bin\zip.dll
Event: 1.001 Loaded shared library C:\Users\Bdrsk\.vscode\extensions\redhat.java-1.47.0-win32-x64\jre\21.0.8-win32-x86_64\bin\jimage.dll
Event: 1.329 Loaded shared library c:\Users\Bdrsk\.vscode\extensions\redhat.java-1.47.0-win32-x64\jre\21.0.8-win32-x86_64\bin\verify.dll
Event: 32.277 Loaded shared library C:\Users\Bdrsk\AppData\Roaming\Code\User\globalStorage\redhat.java\1.47.0\config_win\org.eclipse.equinox.launcher\org.eclipse.equinox.launcher.win32.win32.x86_64_1.2.1400.v20250801-0854\eclipse_11916.dll
Event: 83.103 Loaded shared library C:\Users\Bdrsk\AppData\Local\Temp\jna-64044712\jna9773278387761210571.dll

Deoptimization events (20 events):
Event: 82.846 Thread 0x0000016f1672ba50 Uncommon trap: trap_request=0xffffff45 fr.pc=0x0000016ec4605814 relative=0x00000000000006f4
Event: 82.846 Thread 0x0000016f1672ba50 Uncommon trap: reason=unstable_if action=reinterpret pc=0x0000016ec4605814 method=java.lang.String.replace(Ljava/lang/CharSequence;Ljava/lang/CharSequence;)Ljava/lang/String; @ 42 c2
Event: 82.846 Thread 0x0000016f1672ba50 DEOPT PACKING pc=0x0000016ec4605814 sp=0x00000048b9ff78a0
Event: 82.846 Thread 0x0000016f1672ba50 DEOPT UNPACKING pc=0x0000016ec4083aa2 sp=0x00000048b9ff7820 mode 2
Event: 83.313 Thread 0x0000016f1672ba50 Uncommon trap: trap_request=0xffffff45 fr.pc=0x0000016ec47404fc relative=0x000000000000099c
Event: 83.313 Thread 0x0000016f1672ba50 Uncommon trap: reason=unstable_if action=reinterpret pc=0x0000016ec47404fc method=java.util.concurrent.ConcurrentHashMap.putVal(Ljava/lang/Object;Ljava/lang/Object;Z)Ljava/lang/Object; @ 401 c2
Event: 83.313 Thread 0x0000016f1672ba50 DEOPT PACKING pc=0x0000016ec47404fc sp=0x00000048b9ff7760
Event: 83.313 Thread 0x0000016f1672ba50 DEOPT UNPACKING pc=0x0000016ec4083aa2 sp=0x00000048b9ff76d0 mode 2
Event: 83.391 Thread 0x0000016f1672ba50 Uncommon trap: trap_request=0xffffff45 fr.pc=0x0000016ec47466a8 relative=0x0000000000000088
Event: 83.391 Thread 0x0000016f1672ba50 Uncommon trap: reason=unstable_if action=reinterpret pc=0x0000016ec47466a8 method=java.lang.ref.SoftReference.get()Ljava/lang/Object; @ 6 c2
Event: 83.391 Thread 0x0000016f1672ba50 DEOPT PACKING pc=0x0000016ec47466a8 sp=0x00000048b9ff9a20
Event: 83.391 Thread 0x0000016f1672ba50 DEOPT UNPACKING pc=0x0000016ec4083aa2 sp=0x00000048b9ff99b8 mode 2
Event: 83.438 Thread 0x0000016f170c1e50 Uncommon trap: trap_request=0xffffff45 fr.pc=0x0000016ec46be2e0 relative=0x00000000000000c0
Event: 83.438 Thread 0x0000016f170c1e50 Uncommon trap: reason=unstable_if action=reinterpret pc=0x0000016ec46be2e0 method=java.util.concurrent.locks.ReentrantLock$NonfairSync.initialTryLock()Z @ 25 c2
Event: 83.438 Thread 0x0000016f170c1e50 DEOPT PACKING pc=0x0000016ec46be2e0 sp=0x00000048ba5fdc10
Event: 83.438 Thread 0x0000016f170c1e50 DEOPT UNPACKING pc=0x0000016ec4083aa2 sp=0x00000048ba5fdb90 mode 2
Event: 83.500 Thread 0x0000016f1672ba50 Uncommon trap: trap_request=0xffffff45 fr.pc=0x0000016ec4709a94 relative=0x0000000000000074
Event: 83.500 Thread 0x0000016f1672ba50 Uncommon trap: reason=unstable_if action=reinterpret pc=0x0000016ec4709a94 method=java.lang.ref.ReferenceQueue.poll()Ljava/lang/ref/Reference; @ 4 c2
Event: 83.500 Thread 0x0000016f1672ba50 DEOPT PACKING pc=0x0000016ec4709a94 sp=0x00000048b9ff3170
Event: 83.500 Thread 0x0000016f1672ba50 DEOPT UNPACKING pc=0x0000016ec4083aa2 sp=0x00000048b9ff30f8 mode 2

Classes loaded (20 events):
Event: 83.247 Loading class java/io/PrintWriter
Event: 83.247 Loading class java/io/PrintWriter done
Event: 83.310 Loading class jdk/internal/reflect/MethodHandleShortFieldAccessorImpl
Event: 83.311 Loading class jdk/internal/reflect/MethodHandleShortFieldAccessorImpl done
Event: 83.311 Loading class java/lang/Short$ShortCache
Event: 83.311 Loading class java/lang/Short$ShortCache done
Event: 83.378 Loading class java/util/function/LongUnaryOperator
Event: 83.378 Loading class java/util/function/LongUnaryOperator done
Event: 83.379 Loading class java/lang/ThreadDeath
Event: 83.380 Loading class java/lang/ThreadDeath done
Event: 83.397 Loading class java/util/stream/SortedOps$SizedRefSortingSink
Event: 83.397 Loading class java/util/stream/SortedOps$SizedRefSortingSink done
Event: 83.455 Loading class java/util/concurrent/atomic/Striped64$1
Event: 83.455 Loading class java/util/concurrent/atomic/Striped64$1 done
Event: 83.661 Loading class java/util/BitSet
Event: 83.661 Loading class java/util/BitSet done
Event: 83.698 Loading class sun/net/www/protocol/jrt/JavaRuntimeURLConnection
Event: 83.699 Loading class sun/net/www/protocol/jrt/JavaRuntimeURLConnection done
Event: 83.700 Loading class sun/net/www/protocol/jrt/JavaRuntimeURLConnection$1
Event: 83.700 Loading class sun/net/www/protocol/jrt/JavaRuntimeURLConnection$1 done

Classes unloaded (0 events):
No events

Classes redefined (0 events):
No events

Internal exceptions (20 events):
Event: 82.143 Thread 0x0000016f1672ba50 Exception <a 'java/io/FileNotFoundException'{0x00000000d6b8f268}> (0x00000000d6b8f268) 
thrown [s\src\hotspot\share\prims\jni.cpp, line 520]
Event: 82.700 Thread 0x0000016f1672ba50 Exception <a 'java/lang/NoSuchMethodError'{0x00000000d58f27b0}: 'java.lang.Object java.lang.invoke.DirectMethodHandle$Holder.invokeStaticInit(java.lang.Object, int)'> (0x00000000d58f27b0) 
thrown [s\src\hotspot\share\interpreter\linkResolver.cpp, line 773]
Event: 82.858 Thread 0x0000016f1672ba50 Exception <a 'java/lang/NoSuchMethodError'{0x00000000d5b61650}: 'java.lang.Object java.lang.invoke.DirectMethodHandle$Holder.invokeStaticInit(java.lang.Object, int, int, int, int)'> (0x00000000d5b61650) 
thrown [s\src\hotspot\share\interpreter\linkResolver.cpp, line 773]
Event: 82.905 Thread 0x0000016f1672ba50 Exception <a 'java/lang/NoSuchMethodError'{0x00000000d5c1f750}: 'java.lang.Object java.lang.invoke.DirectMethodHandle$Holder.invokeStaticInit(java.lang.Object, java.lang.Object, int, int, int, int)'> (0x00000000d5c1f750) 
thrown [s\src\hotspot\share\interpreter\linkResolver.cpp, line 773]
Event: 83.206 Thread 0x0000016f1672ba50 Exception <a 'java/lang/NoSuchMethodError'{0x00000000d5d33c88}: 'void java.lang.invoke.DirectMethodHandle$Holder.invokeSpecial(java.lang.Object, java.lang.Object, java.lang.Object, int)'> (0x00000000d5d33c88) 
thrown [s\src\hotspot\share\interpreter\linkResolver.cpp, line 773]
Event: 83.212 Thread 0x0000016f1672ba50 Exception <a 'java/lang/NoSuchMethodError'{0x00000000d5d37618}: 'void java.lang.invoke.DelegatingMethodHandle$Holder.reinvoke_L(java.lang.Object, java.lang.Object, int)'> (0x00000000d5d37618) 
thrown [s\src\hotspot\share\interpreter\linkResolver.cpp, line 773]
Event: 83.214 Thread 0x0000016f1672ba50 Exception <a 'java/lang/NoSuchMethodError'{0x00000000d5d3e300}: 'int java.lang.invoke.Invokers$Holder.invokeExact_MT(java.lang.Object, java.lang.Object, java.lang.Object)'> (0x00000000d5d3e300) 
thrown [s\src\hotspot\share\interpreter\linkResolver.cpp, line 773]
Event: 83.317 Thread 0x0000016f1672ba50 Exception <a 'java/lang/NoSuchMethodError'{0x00000000d5e5fa48}: 'void java.lang.invoke.Invokers$Holder.invokeExact_MT(java.lang.Object, java.lang.Object, int, java.lang.Object)'> (0x00000000d5e5fa48) 
thrown [s\src\hotspot\share\interpreter\linkResolver.cpp, line 773]
Event: 83.374 Thread 0x0000016f1672ba50 Exception <a 'java/lang/NoSuchMethodError'{0x00000000d5f6e608}: 'java.lang.Object java.lang.invoke.DirectMethodHandle$Holder.invokeSpecial(java.lang.Object, java.lang.Object, java.lang.Object, long, java.lang.Object)'> (0x00000000d5f6e608) 
thrown [s\src\hotspot\share\interpreter\linkResolver.cpp, line 773]
Event: 83.375 Thread 0x0000016f1672ba50 Exception <a 'java/lang/NoSuchMethodError'{0x00000000d5f75e50}: 'java.lang.Object java.lang.invoke.DirectMethodHandle$Holder.newInvokeSpecial(java.lang.Object, java.lang.Object, java.lang.Object, long)'> (0x00000000d5f75e50) 
thrown [s\src\hotspot\share\interpreter\linkResolver.cpp, line 773]
Event: 83.376 Thread 0x0000016f1672ba50 Exception <a 'java/lang/NoSuchMethodError'{0x00000000d5f7a240}: 'java.lang.Object java.lang.invoke.DirectMethodHandle$Holder.invokeSpecial(java.lang.Object, java.lang.Object, java.lang.Object, java.lang.Object, long)'> (0x00000000d5f7a240) 
thrown [s\src\hotspot\share\interpreter\linkResolver.cpp, line 773]
Event: 83.376 Thread 0x0000016f1672ba50 Exception <a 'java/lang/NoSuchMethodError'{0x00000000d5f7de60}: 'java.lang.Object java.lang.invoke.Invokers$Holder.linkToTargetMethod(java.lang.Object, java.lang.Object, long, java.lang.Object)'> (0x00000000d5f7de60) 
thrown [s\src\hotspot\share\interpreter\linkResolver.cpp, line 773]
Event: 83.394 Thread 0x0000016f1672ba50 Exception <a 'java/lang/NoSuchMethodError'{0x00000000d5fdf330}: 'int java.lang.invoke.DirectMethodHandle$Holder.invokeStaticInit(java.lang.Object, java.lang.Object, java.lang.Object)'> (0x00000000d5fdf330) 
thrown [s\src\hotspot\share\interpreter\linkResolver.cpp, line 773]
Event: 83.423 Thread 0x0000016f1672ba50 Exception <a 'java/lang/IncompatibleClassChangeError'{0x00000000d6094e70}: Found class java.lang.Object, but interface was expected> (0x00000000d6094e70) 
thrown [s\src\hotspot\share\interpreter\linkResolver.cpp, line 840]
Event: 83.428 Thread 0x0000016f1672ba50 Exception <a 'java/lang/NoSuchMethodError'{0x00000000d60a49c8}: 'java.lang.Object java.lang.invoke.DirectMethodHandle$Holder.invokeSpecial(java.lang.Object, java.lang.Object, java.lang.Object, int, java.lang.Object, java.lang.Object)'> (0x00000000d60a49c8) 
thrown [s\src\hotspot\share\interpreter\linkResolver.cpp, line 773]
Event: 83.430 Thread 0x0000016f1672ba50 Exception <a 'java/lang/NoSuchMethodError'{0x00000000d60ac458}: 'java.lang.Object java.lang.invoke.DirectMethodHandle$Holder.newInvokeSpecial(java.lang.Object, java.lang.Object, java.lang.Object, int, java.lang.Object)'> (0x00000000d60ac458) 
thrown [s\src\hotspot\share\interpreter\linkResolver.cpp, line 773]
Event: 83.431 Thread 0x0000016f1672ba50 Exception <a 'java/lang/NoSuchMethodError'{0x00000000d60b0418}: 'java.lang.Object java.lang.invoke.DirectMethodHandle$Holder.invokeSpecial(java.lang.Object, java.lang.Object, java.lang.Object, java.lang.Object, int, java.lang.Object)'> (0x00000000d60b0418) 
thrown [s\src\hotspot\share\interpreter\linkResolver.cpp, line 773]
Event: 83.431 Thread 0x0000016f1672ba50 Exception <a 'java/lang/NoSuchMethodError'{0x00000000d60b3f58}: 'java.lang.Object java.lang.invoke.Invokers$Holder.linkToTargetMethod(java.lang.Object, java.lang.Object, int, java.lang.Object, java.lang.Object)'> (0x00000000d60b3f58) 
thrown [s\src\hotspot\share\interpreter\linkResolver.cpp, line 773]
Event: 83.433 Thread 0x0000016f170c1e50 Exception <a 'java/lang/NoSuchMethodError'{0x00000000d601ff50}: 'java.lang.Object java.lang.invoke.DirectMethodHandle$Holder.invokeSpecial(java.lang.Object, java.lang.Object, int, java.lang.Object, java.lang.Object)'> (0x00000000d601ff50) 
thrown [s\src\hotspot\share\interpreter\linkResolver.cpp, line 773]
Event: 83.459 Thread 0x0000016f1672ba50 Exception <a 'java/lang/NoSuchMethodError'{0x00000000d61abe30}: 'void java.lang.invoke.DirectMethodHandle$Holder.invokeSpecial(java.lang.Object, java.lang.Object, java.lang.Object, java.lang.Object, java.lang.Object)'> (0x00000000d61abe30) 
thrown [s\src\hotspot\share\interpreter\linkResolver.cpp, line 773]

ZGC Phase Switch (0 events):
No events

VM Operations (20 events):
Event: 80.271 Executing VM operation: HandshakeAllThreads (Deoptimize)
Event: 80.271 Executing VM operation: HandshakeAllThreads (Deoptimize) done
Event: 80.271 Executing VM operation: Cleanup
Event: 80.271 Executing VM operation: Cleanup done
Event: 80.323 Executing VM operation: ParallelGCFailedAllocation (Allocation Failure)
Event: 80.335 Executing VM operation: ParallelGCFailedAllocation (Allocation Failure) done
Event: 81.338 Executing VM operation: Cleanup
Event: 81.338 Executing VM operation: Cleanup done
Event: 82.173 Executing VM operation: HandshakeAllThreads (Deoptimize)
Event: 82.173 Executing VM operation: HandshakeAllThreads (Deoptimize) done
Event: 82.291 Executing VM operation: ParallelGCFailedAllocation (Allocation Failure)
Event: 82.303 Executing VM operation: ParallelGCFailedAllocation (Allocation Failure) done
Event: 82.899 Executing VM operation: HandshakeAllThreads (Deoptimize)
Event: 82.899 Executing VM operation: HandshakeAllThreads (Deoptimize) done
Event: 83.136 Executing VM operation: HandshakeAllThreads (Deoptimize)
Event: 83.136 Executing VM operation: HandshakeAllThreads (Deoptimize) done
Event: 83.701 Executing VM operation: HandshakeAllThreads (Deoptimize)
Event: 83.701 Executing VM operation: HandshakeAllThreads (Deoptimize) done
Event: 83.701 Executing VM operation: Cleanup
Event: 83.701 Executing VM operation: Cleanup done

Memory protections (0 events):
No events

Nmethod flushes (0 events):
No events

Events (20 events):
Event: 5.683 Thread 0x0000016f1668a6e0 Thread exited: 0x0000016f1668a6e0
Event: 5.769 Thread 0x0000016eb9901f60 Thread added: 0x0000016f16d800d0
Event: 32.115 Thread 0x0000016eb9901f60 Thread added: 0x0000016f16da47e0
Event: 32.472 Thread 0x0000016f16da47e0 Thread added: 0x0000016f1602d910
Event: 32.516 Thread 0x0000016eb9901f60 Thread added: 0x0000016f1672ba50
Event: 34.066 Thread 0x0000016ed0359240 Thread added: 0x0000016f16030af0
Event: 34.300 Thread 0x0000016f16030af0 Thread exited: 0x0000016f16030af0
Event: 35.991 Thread 0x0000016ed0359240 Thread added: 0x0000016f16132490
Event: 36.998 Thread 0x0000016f16132490 Thread exited: 0x0000016f16132490
Event: 47.633 Thread 0x0000016f1672ba50 Thread added: 0x0000016f169b4c70
Event: 80.234 Thread 0x0000016f1672ba50 Thread added: 0x0000016f1602d130
Event: 80.621 Thread 0x0000016ed02e3e70 Thread added: 0x0000016f162e9c40
Event: 80.945 Thread 0x0000016f162e9c40 Thread exited: 0x0000016f162e9c40
Event: 81.639 Thread 0x0000016f1672ba50 Thread added: 0x0000016f170c0aa0
Event: 83.237 Thread 0x0000016f1672ba50 Thread added: 0x0000016f170c0410
Event: 83.354 Thread 0x0000016ed0359240 Thread added: 0x0000016ed038aee0
Event: 83.384 Thread 0x0000016f1672ba50 Thread added: 0x0000016f170c1e50
Event: 83.433 Thread 0x0000016f1672ba50 Thread added: 0x0000016f170c24e0
Event: 83.652 Thread 0x0000016f170c24e0 Thread added: 0x0000016f170c17c0
Event: 83.654 Thread 0x0000016ed038aee0 Thread exited: 0x0000016ed038aee0


Dynamic libraries:
0x00007ff7c3a10000 - 0x00007ff7c3a1e000 	c:\Users\Bdrsk\.vscode\extensions\redhat.java-1.47.0-win32-x64\jre\21.0.8-win32-x86_64\bin\java.exe
0x00007fff98010000 - 0x00007fff98208000 	C:\WINDOWS\SYSTEM32\ntdll.dll
0x00007fff97a90000 - 0x00007fff97b52000 	C:\WINDOWS\System32\KERNEL32.DLL
0x00007fff95bb0000 - 0x00007fff95ea6000 	C:\WINDOWS\System32\KERNELBASE.dll
0x00007fff956a0000 - 0x00007fff957a0000 	C:\WINDOWS\System32\ucrtbase.dll
0x00007fff6de90000 - 0x00007fff6dea8000 	c:\Users\Bdrsk\.vscode\extensions\redhat.java-1.47.0-win32-x64\jre\21.0.8-win32-x86_64\bin\jli.dll
0x00007fff978e0000 - 0x00007fff97a81000 	C:\WINDOWS\System32\USER32.dll
0x00007fff957f0000 - 0x00007fff95812000 	C:\WINDOWS\System32\win32u.dll
0x00007fff96bd0000 - 0x00007fff96bfb000 	C:\WINDOWS\System32\GDI32.dll
0x00007fff95a90000 - 0x00007fff95ba9000 	C:\WINDOWS\System32\gdi32full.dll
0x00007fff95eb0000 - 0x00007fff95f4d000 	C:\WINDOWS\System32\msvcp_win.dll
0x00007fff6d910000 - 0x00007fff6d92e000 	c:\Users\Bdrsk\.vscode\extensions\redhat.java-1.47.0-win32-x64\jre\21.0.8-win32-x86_64\bin\VCRUNTIME140.dll
0x00007fff7f520000 - 0x00007fff7f7bb000 	C:\WINDOWS\WinSxS\amd64_microsoft.windows.common-controls_6595b64144ccf1df_6.0.19041.6456_none_60b8a6cb71f64256\COMCTL32.dll
0x00007fff97840000 - 0x00007fff978de000 	C:\WINDOWS\System32\msvcrt.dll
0x00007fff97350000 - 0x00007fff9737f000 	C:\WINDOWS\System32\IMM32.DLL
0x00007fff83570000 - 0x00007fff8357c000 	c:\Users\Bdrsk\.vscode\extensions\redhat.java-1.47.0-win32-x64\jre\21.0.8-win32-x86_64\bin\vcruntime140_1.dll
0x00007fff6bac0000 - 0x00007fff6bb4d000 	c:\Users\Bdrsk\.vscode\extensions\redhat.java-1.47.0-win32-x64\jre\21.0.8-win32-x86_64\bin\msvcp140.dll
0x00007fff0f4f0000 - 0x00007fff10287000 	c:\Users\Bdrsk\.vscode\extensions\redhat.java-1.47.0-win32-x64\jre\21.0.8-win32-x86_64\bin\server\jvm.dll
0x00007fff97780000 - 0x00007fff97831000 	C:\WINDOWS\System32\ADVAPI32.dll
0x00007fff97240000 - 0x00007fff972df000 	C:\WINDOWS\System32\sechost.dll
0x00007fff97380000 - 0x00007fff974a0000 	C:\WINDOWS\System32\RPCRT4.dll
0x00007fff95f50000 - 0x00007fff95f77000 	C:\WINDOWS\System32\bcrypt.dll
0x00007fff96b60000 - 0x00007fff96bcb000 	C:\WINDOWS\System32\WS2_32.dll
0x00007fff95500000 - 0x00007fff9554b000 	C:\WINDOWS\SYSTEM32\POWRPROF.dll
0x00007fff7b5f0000 - 0x00007fff7b617000 	C:\WINDOWS\SYSTEM32\WINMM.dll
0x00007fff87ca0000 - 0x00007fff87caa000 	C:\WINDOWS\SYSTEM32\VERSION.dll
0x00007fff954e0000 - 0x00007fff954f2000 	C:\WINDOWS\SYSTEM32\UMPDC.dll
0x00007fff93e70000 - 0x00007fff93e82000 	C:\WINDOWS\SYSTEM32\kernel.appcore.dll
0x00007fff83450000 - 0x00007fff8345a000 	c:\Users\Bdrsk\.vscode\extensions\redhat.java-1.47.0-win32-x64\jre\21.0.8-win32-x86_64\bin\jimage.dll
0x00007fff93480000 - 0x00007fff93681000 	C:\WINDOWS\SYSTEM32\DBGHELP.DLL
0x00007fff79470000 - 0x00007fff794a4000 	C:\WINDOWS\SYSTEM32\dbgcore.DLL
0x00007fff95820000 - 0x00007fff958a2000 	C:\WINDOWS\System32\bcryptPrimitives.dll
0x00007fff816f0000 - 0x00007fff816ff000 	c:\Users\Bdrsk\.vscode\extensions\redhat.java-1.47.0-win32-x64\jre\21.0.8-win32-x86_64\bin\instrument.dll
0x00007fff6d3c0000 - 0x00007fff6d3df000 	c:\Users\Bdrsk\.vscode\extensions\redhat.java-1.47.0-win32-x64\jre\21.0.8-win32-x86_64\bin\java.dll
0x00007fff96090000 - 0x00007fff96800000 	C:\WINDOWS\System32\SHELL32.dll
0x00007fff93690000 - 0x00007fff93e35000 	C:\WINDOWS\SYSTEM32\windows.storage.dll
0x00007fff96800000 - 0x00007fff96b54000 	C:\WINDOWS\System32\combase.dll
0x00007fff94f10000 - 0x00007fff94f3b000 	C:\WINDOWS\SYSTEM32\Wldp.dll
0x00007fff976b0000 - 0x00007fff9777d000 	C:\WINDOWS\System32\OLEAUT32.dll
0x00007fff970d0000 - 0x00007fff9717d000 	C:\WINDOWS\System32\SHCORE.dll
0x00007fff97650000 - 0x00007fff976ab000 	C:\WINDOWS\System32\shlwapi.dll
0x00007fff955d0000 - 0x00007fff955f4000 	C:\WINDOWS\SYSTEM32\profapi.dll
0x00007fff6bfa0000 - 0x00007fff6bfb8000 	c:\Users\Bdrsk\.vscode\extensions\redhat.java-1.47.0-win32-x64\jre\21.0.8-win32-x86_64\bin\zip.dll
0x00007fff80f90000 - 0x00007fff80fa0000 	C:\Users\Bdrsk\.vscode\extensions\redhat.java-1.47.0-win32-x64\jre\21.0.8-win32-x86_64\bin\net.dll
0x00007fff800d0000 - 0x00007fff801da000 	C:\WINDOWS\SYSTEM32\WINHTTP.dll
0x00007fff94cf0000 - 0x00007fff94d5a000 	C:\WINDOWS\system32\mswsock.dll
0x00007fff6baa0000 - 0x00007fff6bab6000 	C:\Users\Bdrsk\.vscode\extensions\redhat.java-1.47.0-win32-x64\jre\21.0.8-win32-x86_64\bin\nio.dll
0x00007fff8c400000 - 0x00007fff8c410000 	c:\Users\Bdrsk\.vscode\extensions\redhat.java-1.47.0-win32-x64\jre\21.0.8-win32-x86_64\bin\verify.dll
0x00007fff6bee0000 - 0x00007fff6bf24000 	C:\Users\Bdrsk\AppData\Roaming\Code\User\globalStorage\redhat.java\1.47.0\config_win\org.eclipse.equinox.launcher\org.eclipse.equinox.launcher.win32.win32.x86_64_1.2.1400.v20250801-0854\eclipse_11916.dll
0x00007fff97520000 - 0x00007fff9764b000 	C:\WINDOWS\System32\ole32.dll
0x00007fff94f50000 - 0x00007fff94f68000 	C:\WINDOWS\SYSTEM32\CRYPTSP.dll
0x00007fff94630000 - 0x00007fff94668000 	C:\WINDOWS\system32\rsaenh.dll
0x00007fff95550000 - 0x00007fff9557e000 	C:\WINDOWS\SYSTEM32\USERENV.dll
0x00007fff94e80000 - 0x00007fff94e8c000 	C:\WINDOWS\SYSTEM32\CRYPTBASE.dll
0x00007fff949f0000 - 0x00007fff94a2b000 	C:\WINDOWS\SYSTEM32\IPHLPAPI.DLL
0x00007fff96fa0000 - 0x00007fff96fa8000 	C:\WINDOWS\System32\NSI.dll
0x00007fff6c380000 - 0x00007fff6c3c9000 	C:\Users\Bdrsk\AppData\Local\Temp\jna-64044712\jna9773278387761210571.dll
0x00007fff972e0000 - 0x00007fff972e8000 	C:\WINDOWS\System32\PSAPI.DLL

JVMTI agents:
c:\Users\Bdrsk\.vscode\extensions\redhat.java-1.47.0-win32-x64\lombok\lombok-1.18.39-4050.jar path:c:\Users\Bdrsk\.vscode\extensions\redhat.java-1.47.0-win32-x64\jre\21.0.8-win32-x86_64\bin\instrument.dll, loaded, initialized, instrumentlib options:none

dbghelp: loaded successfully - version: 4.0.5 - missing functions: none
symbol engine: initialized successfully - sym options: 0x614 - pdb path: .;c:\Users\Bdrsk\.vscode\extensions\redhat.java-1.47.0-win32-x64\jre\21.0.8-win32-x86_64\bin;C:\WINDOWS\SYSTEM32;C:\WINDOWS\WinSxS\amd64_microsoft.windows.common-controls_6595b64144ccf1df_6.0.19041.6456_none_60b8a6cb71f64256;c:\Users\Bdrsk\.vscode\extensions\redhat.java-1.47.0-win32-x64\jre\21.0.8-win32-x86_64\bin\server;C:\Users\Bdrsk\AppData\Roaming\Code\User\globalStorage\redhat.java\1.47.0\config_win\org.eclipse.equinox.launcher\org.eclipse.equinox.launcher.win32.win32.x86_64_1.2.1400.v20250801-0854;C:\Users\Bdrsk\AppData\Local\Temp\jna-64044712

VM Arguments:
jvm_args: --add-modules=ALL-SYSTEM --add-opens=java.base/java.util=ALL-UNNAMED --add-opens=java.base/java.lang=ALL-UNNAMED --add-opens=java.base/sun.nio.fs=ALL-UNNAMED -Declipse.application=org.eclipse.jdt.ls.core.id1 -Dosgi.bundles.defaultStartLevel=4 -Declipse.product=org.eclipse.jdt.ls.core.product -Djava.import.generatesMetadataFilesAtProjectRoot=false -DDetectVMInstallationsJob.disabled=true -Dfile.encoding=utf8 -XX:+UseParallelGC -XX:GCTimeRatio=4 -XX:AdaptiveSizePolicyWeight=90 -Dsun.zip.disableMemoryMapping=true -Xmx2G -Xms100m -Xlog:disable -javaagent:c:\Users\Bdrsk\.vscode\extensions\redhat.java-1.47.0-win32-x64\lombok\lombok-1.18.39-4050.jar -XX:+HeapDumpOnOutOfMemoryError -XX:HeapDumpPath=c:\Users\Bdrsk\AppData\Roaming\Code\User\workspaceStorage\fa3862221d5d4d0dd44ec748242cd86a\redhat.java -Daether.dependencyCollector.impl=bf 
java_command: c:\Users\Bdrsk\.vscode\extensions\redhat.java-1.47.0-win32-x64\server\plugins\org.eclipse.equinox.launcher_1.7.100.v20251014-1222.jar -configuration c:\Users\Bdrsk\AppData\Roaming\Code\User\globalStorage\redhat.java\1.47.0\config_win -data c:\Users\Bdrsk\AppData\Roaming\Code\User\workspaceStorage\fa3862221d5d4d0dd44ec748242cd86a\redhat.java\jdt_ws --pipe=\\.\pipe\lsp-b1292a0df1a06c2b7159ffa545871e2c-sock
java_class_path (initial): c:\Users\Bdrsk\.vscode\extensions\redhat.java-1.47.0-win32-x64\server\plugins\org.eclipse.equinox.launcher_1.7.100.v20251014-1222.jar
Launcher Type: SUN_STANDARD

[Global flags]
    uintx AdaptiveSizePolicyWeight                 = 90                                        {product} {command line}
     intx CICompilerCount                          = 3                                         {product} {ergonomic}
    uintx GCTimeRatio                              = 4                                         {product} {command line}
     bool HeapDumpOnOutOfMemoryError               = true                                   {manageable} {command line}
    ccstr HeapDumpPath                             = c:\Users\Bdrsk\AppData\Roaming\Code\User\workspaceStorage\fa3862221d5d4d0dd44ec748242cd86a\redhat.java         {manageable} {command line}
   size_t InitialHeapSize                          = 104857600                                 {product} {command line}
   size_t MaxHeapSize                              = 2147483648                                {product} {command line}
   size_t MaxNewSize                               = 715653120                                 {product} {ergonomic}
   size_t MinHeapDeltaBytes                        = 524288                                    {product} {ergonomic}
   size_t MinHeapSize                              = 104857600                                 {product} {command line}
   size_t NewSize                                  = 34603008                                  {product} {ergonomic}
    uintx NonNMethodCodeHeapSize                   = 5832780                                {pd product} {ergonomic}
    uintx NonProfiledCodeHeapSize                  = 122912730                              {pd product} {ergonomic}
   size_t OldSize                                  = 70254592                                  {product} {ergonomic}
    uintx ProfiledCodeHeapSize                     = 122912730                              {pd product} {ergonomic}
    uintx ReservedCodeCacheSize                    = 251658240                              {pd product} {ergonomic}
     bool SegmentedCodeCache                       = true                                      {product} {ergonomic}
   size_t SoftMaxHeapSize                          = 2147483648                             {manageable} {ergonomic}
     bool UseCompressedOops                        = true                           {product lp64_product} {ergonomic}
     bool UseLargePagesIndividualAllocation        = false                                  {pd product} {ergonomic}
     bool UseParallelGC                            = true                                      {product} {command line}

Logging:
Log output configuration:
 #0: stdout all=off uptime,level,tags foldmultilines=false
 #1: stderr all=off uptime,level,tags foldmultilines=false

Environment Variables:
JAVA_HOME=C:\Program Files\Java\jdk-17
PATH=C:\oraclexe\app\oracle\product\11.2.0\server\bin;;C:\Program Files\Common Files\Oracle\Java\javapath;C:\Program Files (x86)\Common Files\Oracle\Java\javapath;C:\WINDOWS\system32;C:\WINDOWS;C:\WINDOWS\System32\Wbem;C:\WINDOWS\System32\WindowsPowerShell\v1.0\;C:\WINDOWS\System32\OpenSSH\;C:\Program Files\Java\jdk-17\bin;C:\Program Files\Git\cmd;C:\Program Files\Git\mingw64\bin;C:\Program Files\Git\usr\bin;D:\Documents\apache-maven-3.9.9\bin;C:\Users\Bdrsk\AppData\Local\Pub\Cache\bin;D:\Download\sonar-scanner-7.0.2.4839-windows-x64\bin;D:\;C:\Users\Bdrsk\AppData\Local\Programs\Python\Python313\Scripts\;C:\Users\Bdrsk\AppData\Local\Programs\Python\Python313\;C:\Users\Bdrsk\AppData\Local\Programs\Python\Launcher\;C:\Program Files\MySQL\MySQL Shell 8.0\bin\;C:\Users\Bdrsk\AppData\Local\Microsoft\WindowsApps;C:\Users\Bdrsk\AppData\Local\Programs\Microsoft VS Code\bin;C:\flutter_windows_3.27.4-stable\flutter\bin;D:\Download\sonar-scanner-7.0.2.4839-windows-x64\bin;C:\Users\Bdrsk\AppData\Local\Pub\Cache\bin;C:\Users\Bdrsk\AppData\Local\Programs\cursor\resources\app\bin;C:\Program Files\MySQL\MySQL Server 8.0\bin;C:\Users\Bdrsk\AppData\Roaming\npm;C:\Program Files\PostgreSQL\18\bin;
USERNAME=Bdrsk
OS=Windows_NT
PROCESSOR_IDENTIFIER=Intel64 Family 6 Model 78 Stepping 3, GenuineIntel
TMP=C:\Users\Bdrsk\AppData\Local\Temp
TEMP=C:\Users\Bdrsk\AppData\Local\Temp




Periodic native trim disabled

---------------  S Y S T E M  ---------------

OS:
 Windows 10 , 64 bit Build 19041 (10.0.19041.5915)
OS uptime: 3 days 5:44 hours
Hyper-V role detected

CPU: total 4 (initial active 4) (2 cores per cpu, 2 threads per core) family 6 model 78 stepping 3 microcode 0xcc, cx8, cmov, fxsr, ht, mmx, 3dnowpref, sse, sse2, sse3, ssse3, sse4.1, sse4.2, popcnt, lzcnt, tsc, tscinvbit, avx, avx2, aes, erms, clmul, bmi1, bmi2, rtm, adx, fma, vzeroupper, clflush, clflushopt, hv, rdtscp, f16c
Processor Information for the first 4 processors :
  Max Mhz: 2496, Current Mhz: 1497, Mhz Limit: 2396

Memory: 4k page, system-wide physical 16264M (2095M free)
TotalPageFile size 22847M (AvailPageFile size 6M)
current process WorkingSet (physical memory assigned to process): 138M, peak: 138M
current process commit charge ("private bytes"): 269M, peak: 269M

vm_info: OpenJDK 64-Bit Server VM (21.0.8+9-LTS) for windows-amd64 JRE (21.0.8+9-LTS), built on 2025-07-15T00:00:00Z by "admin" with MS VC++ 17.7 (VS2022)

END.
