#
# There is insufficient memory for the Java Runtime Environment to continue.
# Native memory allocation (malloc) failed to allocate 1048576 bytes. Error detail: AllocateHeap
# Possible reasons:
#   The system is out of physical RAM or swap space
#   This process is running with CompressedOops enabled, and the Java Heap may be blocking the growth of the native heap
# Possible solutions:
#   Reduce memory load on the system
#   Increase physical memory or swap space
#   Check if swap backing store is full
#   Decrease Java heap size (-Xmx/-Xms)
#   Decrease number of Java threads
#   Decrease Java thread stack sizes (-Xss)
#   Set larger code cache with -XX:ReservedCodeCacheSize=
#   JVM is running with Unscaled Compressed Oops mode in which the Java heap is
#     placed in the first 4GB address space. The Java Heap base address is the
#     maximum limit for the native heap growth. Please use -XX:HeapBaseMinAddress
#     to set the Java Heap base and to place the Java Heap above 4GB virtual address.
# This output file may be truncated or incomplete.
#
#  Out of Memory Error (allocation.cpp:44), pid=15400, tid=10276
#
# JRE version:  (21.0.8+9) (build )
# Java VM: OpenJDK 64-Bit Server VM (21.0.8+9-LTS, mixed mode, tiered, compressed oops, compressed class ptrs, parallel gc, windows-amd64)
# No core dump will be written. Minidumps are not enabled by default on client versions of Windows
#

---------------  S U M M A R Y ------------

Command Line: --add-modules=ALL-SYSTEM --add-opens=java.base/java.util=ALL-UNNAMED --add-opens=java.base/java.lang=ALL-UNNAMED --add-opens=java.base/sun.nio.fs=ALL-UNNAMED -Declipse.application=org.eclipse.jdt.ls.core.id1 -Dosgi.bundles.defaultStartLevel=4 -Declipse.product=org.eclipse.jdt.ls.core.product -Djava.import.generatesMetadataFilesAtProjectRoot=false -DDetectVMInstallationsJob.disabled=true -Dfile.encoding=utf8 -XX:+UseParallelGC -XX:GCTimeRatio=4 -XX:AdaptiveSizePolicyWeight=90 -Dsun.zip.disableMemoryMapping=true -Xmx2G -Xms100m -Xlog:disable -javaagent:c:\Users\Bdrsk\.vscode\extensions\redhat.java-1.47.0-win32-x64\lombok\lombok-1.18.39-4050.jar c:\Users\Bdrsk\.vscode\extensions\redhat.java-1.47.0-win32-x64\server\plugins\org.eclipse.equinox.launcher_1.7.100.v20251014-1222.jar -configuration c:\Users\Bdrsk\AppData\Roaming\Code\User\globalStorage\redhat.java\1.47.0\config_ss_win -data c:\Users\Bdrsk\AppData\Roaming\Code\User\workspaceStorage\fa3862221d5d4d0dd44ec748242cd86a\redhat.java\ss_ws --pipe=\\.\pipe\lsp-7692c04f33be259db4cc2312ed674b14-sock

Host: Intel(R) Core(TM) i5-6300U CPU @ 2.40GHz, 4 cores, 15G,  Windows 10 , 64 bit Build 19041 (10.0.19041.5915)
Time: Fri Nov  7 15:49:33 2025 GMT elapsed time: 0.159573 seconds (0d 0h 0m 0s)

---------------  T H R E A D  ---------------

Current thread (0x0000015fadd27330):  JavaThread "Unknown thread" [_thread_in_vm, id=10276, stack(0x0000004f7e300000,0x0000004f7e400000) (1024K)]

Stack: [0x0000004f7e300000,0x0000004f7e400000]
Native frames: (J=compiled Java code, j=interpreted, Vv=VM code, C=native code)
V  [jvm.dll+0x6d2449]
V  [jvm.dll+0x8ae341]
V  [jvm.dll+0x8b08be]
V  [jvm.dll+0x8b0fa3]
V  [jvm.dll+0x280c96]
V  [jvm.dll+0xc0347]
V  [jvm.dll+0x706372]
V  [jvm.dll+0x7070ac]
V  [jvm.dll+0x6e0f43]
V  [jvm.dll+0x877c7c]
V  [jvm.dll+0x3becec]
V  [jvm.dll+0x8606d8]
V  [jvm.dll+0x4530ee]
V  [jvm.dll+0x454d31]
C  [jli.dll+0x5278]
C  [ucrtbase.dll+0x21bb2]
C  [KERNEL32.DLL+0x17374]
C  [ntdll.dll+0x4cc91]


---------------  P R O C E S S  ---------------

Threads class SMR info:
_java_thread_list=0x0000015faff5c920, length=1, elements={
0x0000015fadd27330
}

Java Threads: ( => current thread )
=>0x0000015fadd27330 JavaThread "Unknown thread"             [_thread_in_vm, id=10276, stack(0x0000004f7e300000,0x0000004f7e400000) (1024K)]
Total: 1

Other Threads:
  0x0000015faff5cb00 WatcherThread "VM Periodic Task Thread"        [id=20476, stack(0x0000004f7e500000,0x0000004f7e600000) (1024K)]
  0x0000015faff10450 WorkerThread "GC Thread#0"                     [id=17800, stack(0x0000004f7e400000,0x0000004f7e500000) (1024K)]
Total: 2

Threads with active compile tasks:
Total: 0

VM state: not at safepoint (normal execution)

VM Mutex/Monitor currently owned by a thread: None

Heap address: 0x0000000080000000, size: 2048 MB, Compressed Oops mode: 32-bit

CDS archive(s) not mapped
Compressed class space mapped at: 0x0000000100000000-0x0000000140000000, reserved size: 1073741824
Narrow klass base: 0x0000000000000000, Narrow klass shift: 3, Narrow klass range: 0x140000000

GC Precious Log:
 CardTable entry size: 512
 CPUs: 4 total, 4 available
 Memory: 16264M
 Large Page Support: Disabled
 NUMA Support: Disabled
 Compressed Oops: Enabled (32-bit)
 Alignments: Space 512K, Generation 512K, Heap 2M
 Heap Min Capacity: 100M
 Heap Initial Capacity: 100M
 Heap Max Capacity: 2G
 Pre-touch: Disabled
 Parallel Workers: 4

Heap:
 PSYoungGen      total 29696K, used 512K [0x00000000d5580000, 0x00000000d7680000, 0x0000000100000000)
  eden space 25600K, 2% used [0x00000000d5580000,0x00000000d5600070,0x00000000d6e80000)
  from space 4096K, 0% used [0x00000000d7280000,0x00000000d7280000,0x00000000d7680000)
  to   space 4096K, 0% used [0x00000000d6e80000,0x00000000d6e80000,0x00000000d7280000)
 ParOldGen       total 68608K, used 0K [0x0000000080000000, 0x0000000084300000, 0x00000000d5580000)
  object space 68608K, 0% used [0x0000000080000000,0x0000000080000000,0x0000000084300000)
 Metaspace       used 1396K, committed 1472K, reserved 1114112K
  class space    used 112K, committed 128K, reserved 1048576K

Card table byte_map: [0x0000015faf8a0000,0x0000015fafcb0000] _byte_map_base: 0x0000015faf4a0000

Marking Bits: (ParMarkBitMap*) 0x00007fff101aa340
 Begin Bits: [0x0000015fc23a0000, 0x0000015fc43a0000)
 End Bits:   [0x0000015fc43a0000, 0x0000015fc63a0000)

Polling page: 0x0000015fadc60000

Metaspace:

Usage:
  Non-class:      1.25 MB used.
      Class:    112.47 KB used.
       Both:      1.36 MB used.

Virtual space:
  Non-class space:       64.00 MB reserved,       1.31 MB (  2%) committed,  1 nodes.
      Class space:        1.00 GB reserved,     128.00 KB ( <1%) committed,  1 nodes.
             Both:        1.06 GB reserved,       1.44 MB ( <1%) committed. 

Chunk freelists:
   Non-Class:  12.00 MB
       Class:  15.75 MB
        Both:  27.75 MB

MaxMetaspaceSize: unlimited
CompressedClassSpaceSize: 1.00 GB
Initial GC threshold: 21.00 MB
Current GC threshold: 17179869184.00 GB
CDS: off
 - commit_granule_bytes: 65536.
 - commit_granule_words: 8192.
 - virtual_space_node_default_size: 8388608.
 - enlarge_chunks_in_place: 1.
 - use_allocation_guard: 0.


Internal statistics:

num_allocs_failed_limit: 0.
num_arena_births: 2.
num_arena_deaths: 0.
num_vsnodes_births: 2.
num_vsnodes_deaths: 0.
num_space_committed: 23.
num_space_uncommitted: 0.
num_chunks_returned_to_freelist: 0.
num_chunks_taken_from_freelist: 3.
num_chunk_merges: 0.
num_chunk_splits: 2.
num_chunks_enlarged: 0.
num_inconsistent_stats: 0.

CodeHeap 'non-profiled nmethods': size=120000Kb used=0Kb max_used=0Kb free=120000Kb
 bounds [0x0000015fbabc0000, 0x0000015fbae30000, 0x0000015fc20f0000]
CodeHeap 'profiled nmethods': size=120000Kb used=0Kb max_used=0Kb free=120000Kb
 bounds [0x0000015fb30f0000, 0x0000015fb3360000, 0x0000015fba620000]
CodeHeap 'non-nmethods': size=5760Kb used=194Kb max_used=342Kb free=5565Kb
 bounds [0x0000015fba620000, 0x0000015fba890000, 0x0000015fbabc0000]
CodeCache: size=245760Kb, used=194Kb, max_used=342Kb, free=245565Kb
 total_blobs=70, nmethods=0, adapters=48, full_count=0
Compilation: enabled, stopped_count=0, restarted_count=0

Compilation events (0 events):
No events

GC Heap History (0 events):
No events

Dll operation events (2 events):
Event: 0.021 Loaded shared library c:\Users\Bdrsk\.vscode\extensions\redhat.java-1.47.0-win32-x64\jre\21.0.8-win32-x86_64\bin\java.dll
Event: 0.066 Loaded shared library c:\Users\Bdrsk\.vscode\extensions\redhat.java-1.47.0-win32-x64\jre\21.0.8-win32-x86_64\bin\zip.dll

Deoptimization events (0 events):
No events

Classes loaded (20 events):
Event: 0.139 Loading class java/util/Iterator
Event: 0.140 Loading class java/util/Iterator done
Event: 0.140 Loading class java/lang/reflect/RecordComponent
Event: 0.140 Loading class java/lang/reflect/RecordComponent done
Event: 0.140 Loading class jdk/internal/vm/vector/VectorSupport
Event: 0.141 Loading class jdk/internal/vm/vector/VectorSupport done
Event: 0.141 Loading class jdk/internal/vm/vector/VectorSupport$VectorPayload
Event: 0.142 Loading class jdk/internal/vm/vector/VectorSupport$VectorPayload done
Event: 0.142 Loading class jdk/internal/vm/vector/VectorSupport$Vector
Event: 0.142 Loading class jdk/internal/vm/vector/VectorSupport$Vector done
Event: 0.142 Loading class jdk/internal/vm/vector/VectorSupport$VectorMask
Event: 0.142 Loading class jdk/internal/vm/vector/VectorSupport$VectorMask done
Event: 0.142 Loading class jdk/internal/vm/vector/VectorSupport$VectorShuffle
Event: 0.142 Loading class jdk/internal/vm/vector/VectorSupport$VectorShuffle done
Event: 0.142 Loading class jdk/internal/vm/FillerObject
Event: 0.142 Loading class jdk/internal/vm/FillerObject done
Event: 0.153 Loading class java/lang/NullPointerException
Event: 0.153 Loading class java/lang/NullPointerException done
Event: 0.153 Loading class java/lang/ArithmeticException
Event: 0.154 Loading class java/lang/ArithmeticException done

Classes unloaded (0 events):
No events

Classes redefined (0 events):
No events

Internal exceptions (0 events):
No events

ZGC Phase Switch (0 events):
No events

VM Operations (0 events):
No events

Memory protections (0 events):
No events

Nmethod flushes (0 events):
No events

Events (1 events):
Event: 0.058 Thread 0x0000015fadd27330 Thread added: 0x0000015fadd27330


Dynamic libraries:
0x00007ff7c3a10000 - 0x00007ff7c3a1e000 	c:\Users\Bdrsk\.vscode\extensions\redhat.java-1.47.0-win32-x64\jre\21.0.8-win32-x86_64\bin\java.exe
0x00007fff98010000 - 0x00007fff98208000 	C:\WINDOWS\SYSTEM32\ntdll.dll
0x00007fff97a90000 - 0x00007fff97b52000 	C:\WINDOWS\System32\KERNEL32.DLL
0x00007fff95bb0000 - 0x00007fff95ea6000 	C:\WINDOWS\System32\KERNELBASE.dll
0x00007fff956a0000 - 0x00007fff957a0000 	C:\WINDOWS\System32\ucrtbase.dll
0x00007fff8a690000 - 0x00007fff8a6a8000 	c:\Users\Bdrsk\.vscode\extensions\redhat.java-1.47.0-win32-x64\jre\21.0.8-win32-x86_64\bin\jli.dll
0x00007fff978e0000 - 0x00007fff97a81000 	C:\WINDOWS\System32\USER32.dll
0x00007fff957f0000 - 0x00007fff95812000 	C:\WINDOWS\System32\win32u.dll
0x00007fff96bd0000 - 0x00007fff96bfb000 	C:\WINDOWS\System32\GDI32.dll
0x00007fff95a90000 - 0x00007fff95ba9000 	C:\WINDOWS\System32\gdi32full.dll
0x00007fff95eb0000 - 0x00007fff95f4d000 	C:\WINDOWS\System32\msvcp_win.dll
0x00007fff6de90000 - 0x00007fff6deae000 	c:\Users\Bdrsk\.vscode\extensions\redhat.java-1.47.0-win32-x64\jre\21.0.8-win32-x86_64\bin\VCRUNTIME140.dll
0x00007fff7f520000 - 0x00007fff7f7bb000 	C:\WINDOWS\WinSxS\amd64_microsoft.windows.common-controls_6595b64144ccf1df_6.0.19041.6456_none_60b8a6cb71f64256\COMCTL32.dll
0x00007fff97840000 - 0x00007fff978de000 	C:\WINDOWS\System32\msvcrt.dll
0x00007fff97350000 - 0x00007fff9737f000 	C:\WINDOWS\System32\IMM32.DLL
0x00007fff8c400000 - 0x00007fff8c40c000 	c:\Users\Bdrsk\.vscode\extensions\redhat.java-1.47.0-win32-x64\jre\21.0.8-win32-x86_64\bin\vcruntime140_1.dll
0x00007fff5e0e0000 - 0x00007fff5e16d000 	c:\Users\Bdrsk\.vscode\extensions\redhat.java-1.47.0-win32-x64\jre\21.0.8-win32-x86_64\bin\msvcp140.dll
0x00007fff0f4f0000 - 0x00007fff10287000 	c:\Users\Bdrsk\.vscode\extensions\redhat.java-1.47.0-win32-x64\jre\21.0.8-win32-x86_64\bin\server\jvm.dll
0x00007fff97780000 - 0x00007fff97831000 	C:\WINDOWS\System32\ADVAPI32.dll
0x00007fff97240000 - 0x00007fff972df000 	C:\WINDOWS\System32\sechost.dll
0x00007fff97380000 - 0x00007fff974a0000 	C:\WINDOWS\System32\RPCRT4.dll
0x00007fff95f50000 - 0x00007fff95f77000 	C:\WINDOWS\System32\bcrypt.dll
0x00007fff96b60000 - 0x00007fff96bcb000 	C:\WINDOWS\System32\WS2_32.dll
0x00007fff95500000 - 0x00007fff9554b000 	C:\WINDOWS\SYSTEM32\POWRPROF.dll
0x00007fff7b5f0000 - 0x00007fff7b617000 	C:\WINDOWS\SYSTEM32\WINMM.dll
0x00007fff87ca0000 - 0x00007fff87caa000 	C:\WINDOWS\SYSTEM32\VERSION.dll
0x00007fff954e0000 - 0x00007fff954f2000 	C:\WINDOWS\SYSTEM32\UMPDC.dll
0x00007fff93e70000 - 0x00007fff93e82000 	C:\WINDOWS\SYSTEM32\kernel.appcore.dll
0x00007fff83570000 - 0x00007fff8357a000 	c:\Users\Bdrsk\.vscode\extensions\redhat.java-1.47.0-win32-x64\jre\21.0.8-win32-x86_64\bin\jimage.dll
0x00007fff93480000 - 0x00007fff93681000 	C:\WINDOWS\SYSTEM32\DBGHELP.DLL
0x00007fff79470000 - 0x00007fff794a4000 	C:\WINDOWS\SYSTEM32\dbgcore.DLL
0x00007fff95820000 - 0x00007fff958a2000 	C:\WINDOWS\System32\bcryptPrimitives.dll
0x00007fff83450000 - 0x00007fff8345f000 	c:\Users\Bdrsk\.vscode\extensions\redhat.java-1.47.0-win32-x64\jre\21.0.8-win32-x86_64\bin\instrument.dll
0x00007fff6d910000 - 0x00007fff6d92f000 	c:\Users\Bdrsk\.vscode\extensions\redhat.java-1.47.0-win32-x64\jre\21.0.8-win32-x86_64\bin\java.dll
0x00007fff6d3c0000 - 0x00007fff6d3d8000 	c:\Users\Bdrsk\.vscode\extensions\redhat.java-1.47.0-win32-x64\jre\21.0.8-win32-x86_64\bin\zip.dll

JVMTI agents:
c:\Users\Bdrsk\.vscode\extensions\redhat.java-1.47.0-win32-x64\lombok\lombok-1.18.39-4050.jar path:none, loaded, not initialized, instrumentlib options:none

dbghelp: loaded successfully - version: 4.0.5 - missing functions: none
symbol engine: initialized successfully - sym options: 0x614 - pdb path: .;c:\Users\Bdrsk\.vscode\extensions\redhat.java-1.47.0-win32-x64\jre\21.0.8-win32-x86_64\bin;C:\WINDOWS\SYSTEM32;C:\WINDOWS\WinSxS\amd64_microsoft.windows.common-controls_6595b64144ccf1df_6.0.19041.6456_none_60b8a6cb71f64256;c:\Users\Bdrsk\.vscode\extensions\redhat.java-1.47.0-win32-x64\jre\21.0.8-win32-x86_64\bin\server

VM Arguments:
jvm_args: --add-modules=ALL-SYSTEM --add-opens=java.base/java.util=ALL-UNNAMED --add-opens=java.base/java.lang=ALL-UNNAMED --add-opens=java.base/sun.nio.fs=ALL-UNNAMED -Declipse.application=org.eclipse.jdt.ls.core.id1 -Dosgi.bundles.defaultStartLevel=4 -Declipse.product=org.eclipse.jdt.ls.core.product -Djava.import.generatesMetadataFilesAtProjectRoot=false -DDetectVMInstallationsJob.disabled=true -Dfile.encoding=utf8 -XX:+UseParallelGC -XX:GCTimeRatio=4 -XX:AdaptiveSizePolicyWeight=90 -Dsun.zip.disableMemoryMapping=true -Xmx2G -Xms100m -Xlog:disable -javaagent:c:\Users\Bdrsk\.vscode\extensions\redhat.java-1.47.0-win32-x64\lombok\lombok-1.18.39-4050.jar 
java_command: c:\Users\Bdrsk\.vscode\extensions\redhat.java-1.47.0-win32-x64\server\plugins\org.eclipse.equinox.launcher_1.7.100.v20251014-1222.jar -configuration c:\Users\Bdrsk\AppData\Roaming\Code\User\globalStorage\redhat.java\1.47.0\config_ss_win -data c:\Users\Bdrsk\AppData\Roaming\Code\User\workspaceStorage\fa3862221d5d4d0dd44ec748242cd86a\redhat.java\ss_ws --pipe=\\.\pipe\lsp-7692c04f33be259db4cc2312ed674b14-sock
java_class_path (initial): c:\Users\Bdrsk\.vscode\extensions\redhat.java-1.47.0-win32-x64\server\plugins\org.eclipse.equinox.launcher_1.7.100.v20251014-1222.jar
Launcher Type: SUN_STANDARD

[Global flags]
    uintx AdaptiveSizePolicyWeight                 = 90                                        {product} {command line}
     intx CICompilerCount                          = 3                                         {product} {ergonomic}
    uintx GCTimeRatio                              = 4                                         {product} {command line}
   size_t InitialHeapSize                          = 104857600                                 {product} {command line}
   size_t MaxHeapSize                              = 2147483648                                {product} {command line}
   size_t MaxNewSize                               = 715653120                                 {product} {ergonomic}
   size_t MinHeapDeltaBytes                        = 524288                                    {product} {ergonomic}
   size_t MinHeapSize                              = 104857600                                 {product} {command line}
   size_t NewSize                                  = 34603008                                  {product} {ergonomic}
    uintx NonNMethodCodeHeapSize                   = 5832780                                {pd product} {ergonomic}
    uintx NonProfiledCodeHeapSize                  = 122912730                              {pd product} {ergonomic}
   size_t OldSize                                  = 70254592                                  {product} {ergonomic}
    uintx ProfiledCodeHeapSize                     = 122912730                              {pd product} {ergonomic}
    uintx ReservedCodeCacheSize                    = 251658240                              {pd product} {ergonomic}
     bool SegmentedCodeCache                       = true                                      {product} {ergonomic}
   size_t SoftMaxHeapSize                          = 2147483648                             {manageable} {ergonomic}
     bool UseCompressedOops                        = true                           {product lp64_product} {ergonomic}
     bool UseLargePagesIndividualAllocation        = false                                  {pd product} {ergonomic}
     bool UseParallelGC                            = true                                      {product} {command line}

Logging:
Log output configuration:
 #0: stdout all=off uptime,level,tags foldmultilines=false
 #1: stderr all=off uptime,level,tags foldmultilines=false

Environment Variables:
JAVA_HOME=C:\Program Files\Java\jdk-17
PATH=C:\oraclexe\app\oracle\product\11.2.0\server\bin;;C:\Program Files\Common Files\Oracle\Java\javapath;C:\Program Files (x86)\Common Files\Oracle\Java\javapath;C:\WINDOWS\system32;C:\WINDOWS;C:\WINDOWS\System32\Wbem;C:\WINDOWS\System32\WindowsPowerShell\v1.0\;C:\WINDOWS\System32\OpenSSH\;C:\Program Files\Java\jdk-17\bin;C:\Program Files\Git\cmd;C:\Program Files\Git\mingw64\bin;C:\Program Files\Git\usr\bin;D:\Documents\apache-maven-3.9.9\bin;C:\Users\Bdrsk\AppData\Local\Pub\Cache\bin;D:\Download\sonar-scanner-7.0.2.4839-windows-x64\bin;D:\;C:\Users\Bdrsk\AppData\Local\Programs\Python\Python313\Scripts\;C:\Users\Bdrsk\AppData\Local\Programs\Python\Python313\;C:\Users\Bdrsk\AppData\Local\Programs\Python\Launcher\;C:\Program Files\MySQL\MySQL Shell 8.0\bin\;C:\Users\Bdrsk\AppData\Local\Microsoft\WindowsApps;C:\Users\Bdrsk\AppData\Local\Programs\Microsoft VS Code\bin;C:\flutter_windows_3.27.4-stable\flutter\bin;D:\Download\sonar-scanner-7.0.2.4839-windows-x64\bin;C:\Users\Bdrsk\AppData\Local\Pub\Cache\bin;C:\Users\Bdrsk\AppData\Local\Programs\cursor\resources\app\bin;C:\Program Files\MySQL\MySQL Server 8.0\bin;C:\Users\Bdrsk\AppData\Roaming\npm;C:\Program Files\PostgreSQL\18\bin;
USERNAME=Bdrsk
OS=Windows_NT
PROCESSOR_IDENTIFIER=Intel64 Family 6 Model 78 Stepping 3, GenuineIntel
TMP=C:\Users\Bdrsk\AppData\Local\Temp
TEMP=C:\Users\Bdrsk\AppData\Local\Temp




Periodic native trim disabled

---------------  S Y S T E M  ---------------

OS:
 Windows 10 , 64 bit Build 19041 (10.0.19041.5915)
OS uptime: 3 days 5:44 hours
Hyper-V role detected

CPU: total 4 (initial active 4) (2 cores per cpu, 2 threads per core) family 6 model 78 stepping 3 microcode 0xcc, cx8, cmov, fxsr, ht, mmx, 3dnowpref, sse, sse2, sse3, ssse3, sse4.1, sse4.2, popcnt, lzcnt, tsc, tscinvbit, avx, avx2, aes, erms, clmul, bmi1, bmi2, rtm, adx, fma, vzeroupper, clflush, clflushopt, hv, rdtscp, f16c
Processor Information for processor 0
  Max Mhz: 2496, Current Mhz: 2396, Mhz Limit: 2396
Processor Information for processor 1
  Max Mhz: 2496, Current Mhz: 1497, Mhz Limit: 2396
Processor Information for processor 2
  Max Mhz: 2496, Current Mhz: 1497, Mhz Limit: 2396
Processor Information for processor 3
  Max Mhz: 2496, Current Mhz: 2396, Mhz Limit: 2396

Memory: 4k page, system-wide physical 16264M (2147M free)
TotalPageFile size 22847M (AvailPageFile size 6M)
current process WorkingSet (physical memory assigned to process): 16M, peak: 16M
current process commit charge ("private bytes"): 185M, peak: 191M

vm_info: OpenJDK 64-Bit Server VM (21.0.8+9-LTS) for windows-amd64 JRE (21.0.8+9-LTS), built on 2025-07-15T00:00:00Z by "admin" with MS VC++ 17.7 (VS2022)

END.
